C51 COMPILER V9.01   LCD_STRING                                                            05/07/2022 13:41:33 PAGE 1   


C51 COMPILER V9.01, COMPILATION OF MODULE LCD_STRING
OBJECT MODULE PLACED IN lcd_string.OBJ
COMPILER INVOKED BY: C:\keli\C51\BIN\C51.EXE lcd_string.c BROWSE DEBUG OBJECTEXTEND

line level    source

   1          #include<reg52.h> //including sfr registers for ports of the controller
   2          #include<lcd.h> // Can be download from bottom of this article
   3          
   4          //LCD Module Connections
   5          sbit RS = P3^0;
   6          sbit EN = P3^2;
   7          
   8          sbit D0 = P1^0;
   9          sbit D1 = P1^1;
  10          sbit D2 = P1^2;
  11          sbit D3 = P1^3;
  12          sbit D4 = P1^4;
  13          sbit D5 = P1^5;
  14          sbit D6 = P1^6;
  15          sbit D7 = P1^7;
  16          
  17          // #define ldata P2
  18          
  19          //End LCD Module Connections
  20          
  21          void Delay(int a)
  22          {
  23   1        int j;
  24   1        int i;
  25   1        for(i=0;i<a;i++)
  26   1        {
  27   2          for(j=0;j<100;j++)
  28   2          {
  29   3          }
  30   2        }
  31   1      }
  32          
  33          void main()
  34          {
  35   1        int i;
  36   1        Lcd8_Init();
  37   1        while(1)
  38   1        {
  39   2          Lcd8_Set_Cursor(1,1);
  40   2          Lcd8_Write_String(" e-yantra lab");
  41   2          
  42   2              Lcd8_Set_Cursor(2,1);
  43   2          Lcd8_Write_String(" SVPCET, Nagpur");
  44   2          
  45   2        }
  46   1      }
*** WARNING C280 IN LINE 35 OF LCD_STRING.C: 'i': unreferenced local variable
*** WARNING C290 IN LINE 84 OF LCD_STRING.C: missing return value
*** WARNING C290 IN LINE 176 OF LCD_STRING.C: missing return value


MODULE INFORMATION:   STATIC OVERLAYABLE
   CODE SIZE        =    645    ----
   CONSTANT SIZE    =     30    ----
   XDATA SIZE       =   ----    ----
C51 COMPILER V9.01   LCD_STRING                                                            05/07/2022 13:41:33 PAGE 2   

   PDATA SIZE       =   ----    ----
   DATA SIZE        =   ----      17
   IDATA SIZE       =   ----    ----
   BIT SIZE         =   ----    ----
END OF MODULE INFORMATION.


C51 COMPILATION COMPLETE.  3 WARNING(S),  0 ERROR(S)
