C51 COMPILER V9.01   LCDCHAR                                                               03/07/2022 10:12:02 PAGE 1   


C51 COMPILER V9.01, COMPILATION OF MODULE LCDCHAR
OBJECT MODULE PLACED IN LCDCHAR.OBJ
COMPILER INVOKED BY: C:\keli\C51\BIN\C51.EXE LCDCHAR.C BROWSE DEBUG OBJECTEXTEND

line level    source

   1          #include<REG51.H>
   2          //Fuction Prototypes
   3          void delay(unsigned int);
   4          void lcd_data(unsigned char );
   5          void lcd_cmd(unsigned char );
   6          
   7          
   8          
   9          sbit RS = P3^7;
  10          sbit RW = P3^6;
  11          sbit EN = P3^5;
  12          
  13          
  14          #define lcddata P2; 
  15          // Program Starts Here
  16          void main()
  17          {
  18   1      
  19   1               
  20   1               lcd_cmd(0x38);
  21   1               delay(1);
  22   1               lcd_cmd(0x06); // display move cursor to right 
  23   1               delay(1);
  24   1               lcd_cmd(0x0F); // LCD On, & cursor     on
  25   1               delay(1);
  26   1               lcd_cmd(0x01);  // LCD Clear 
  27   1               delay(1);
  28   1      
  29   1               // 1st row
  30   1               lcd_cmd(0x80); // LCD start 1st ROW 1ST POSITION
  31   1               delay(250);
  32   1               lcd_data('D');
  33   1               delay(250);
  34   1      
  35   1               lcd_cmd(0x81);  // LCD start NEXT POSITION
  36   1               delay(250);
  37   1           lcd_data('N');
  38   1               delay(50);
  39   1      
  40   1               lcd_cmd(0x82);  // cursor start NEXT POSITION
  41   1               delay(250);
  42   1           lcd_data('Y');
  43   1               delay(50);
  44   1      
  45   1               lcd_cmd(0x83);  // cursor start NEXT POSITION
  46   1               delay(250);
  47   1           lcd_data('A');
  48   1               delay(50);
  49   1      
  50   1               lcd_cmd(0x84);  // cursor start NEXT POSITION
  51   1               delay(250);
  52   1               lcd_data('N');
  53   1               delay(50);
  54   1      
  55   1               lcd_cmd(0x85);  // cursor start NEXT POSITION
C51 COMPILER V9.01   LCDCHAR                                                               03/07/2022 10:12:02 PAGE 2   

  56   1               delay(250);
  57   1               lcd_data('D');
  58   1               delay(50);
  59   1      
  60   1               lcd_cmd(0x86);  // cursor start NEXT POSITION
  61   1               delay(250);
  62   1               lcd_data('E');
  63   1               delay(50);
  64   1      
  65   1               lcd_cmd(0x87);  // cursor start NEXT POSITION
  66   1               delay(250);
  67   1               lcd_data('V');
  68   1               delay(50);
  69   1      
  70   1               // 2nd row 
  71   1               lcd_cmd(0xC0); // LCD start 1st ROW 1ST POSITION
  72   1               delay(250);
  73   1               lcd_data('S');
  74   1               delay(250);
  75   1      
  76   1               lcd_cmd(0xc1);  // LCD start NEXT POSITION
  77   1               delay(250);
  78   1           lcd_data('A');
  79   1               delay(50);
  80   1      
  81   1               lcd_cmd(0xc2);  // cursor start NEXT POSITION
  82   1               delay(250);
  83   1           lcd_data('W');
  84   1               delay(50);
  85   1      
  86   1               lcd_cmd(0xc3);  // cursor start NEXT POSITION
  87   1               delay(250);
  88   1           lcd_data('A');
  89   1               delay(50);
  90   1      
  91   1               lcd_cmd(0xc4);  // cursor start NEXT POSITION
  92   1               delay(250);
  93   1               lcd_data('R');
  94   1               delay(50);
  95   1      
  96   1               lcd_cmd(0xc5);  // cursor start NEXT POSITION
  97   1               delay(250);
  98   1               lcd_data('K');
  99   1               delay(50);
 100   1      
 101   1               lcd_cmd(0xc6);  // cursor start NEXT POSITION
 102   1               delay(250);
 103   1               lcd_data('A');
 104   1               delay(50);
 105   1      
 106   1               lcd_cmd(0xc7);  // cursor start NEXT POSITION
 107   1               delay(250);
 108   1               lcd_data('R');
 109   1               delay(50);
 110   1      
 111   1               //lcd_cmd(0x0F);
 112   1      
 113   1               while(1);
 114   1      }
 115          
 116          
 117          void lcd_data(unsigned char x)  // data function 
C51 COMPILER V9.01   LCDCHAR                                                               03/07/2022 10:12:02 PAGE 3   

 118          {
 119   1        RW=0;           // write mode on
 120   1        RS=1;
 121   1        P2 = x;
 122   1        EN=1;           // enabled 1 active mode
 123   1        delay(1);
 124   1        EN=0;           // enabled 0 deactive mode
 125   1      }
 126          
 127          void lcd_cmd(unsigned char z)   // commands function
 128          {
 129   1        RW=0;
 130   1        RS=0;
 131   1        P2 = z;
 132   1        EN=1;           // enabled 1 active mode
 133   1        delay(1);
 134   1        EN=0;           // enabled 0 deactive mode
 135   1      }
 136          
 137          
 138          void delay(unsigned int tt)
 139          {
 140   1              unsigned int a,b;
 141   1              for(a=0;a<tt;a++)
 142   1                      {
 143   2                              for(b=0;b<1275;b++)
 144   2                              ;
 145   2                      }
 146   1      }


MODULE INFORMATION:   STATIC OVERLAYABLE
   CODE SIZE        =    434    ----
   CONSTANT SIZE    =   ----    ----
   XDATA SIZE       =   ----    ----
   PDATA SIZE       =   ----    ----
   DATA SIZE        =   ----    ----
   IDATA SIZE       =   ----    ----
   BIT SIZE         =   ----    ----
END OF MODULE INFORMATION.


C51 COMPILATION COMPLETE.  0 WARNING(S),  0 ERROR(S)
