C51 COMPILER V9.01   LED1                                                                  10/27/2021 20:59:04 PAGE 1   


C51 COMPILER V9.01, COMPILATION OF MODULE LED1
OBJECT MODULE PLACED IN led1.OBJ
COMPILER INVOKED BY: C:\keli\C51\BIN\C51.EXE led1.c BROWSE DEBUG OBJECTEXTEND

line level    source

   1          #include<reg52.h>
   2          sbit sw = P3^2;  // SWITCH  
   3          
   4          // Delay Function
   5          void delay(int ms)
   6          {       int i,j;
   7   1              for(i=0;i<=ms;i++)
   8   1              {
   9   2                      for(j=0;j<1275;j++);
  10   2              }
  11   1      }
  12          
  13          // Main Function
  14          void main()
  15          {
  16   1              int k;
  17   1              unsigned char dig[]={0x3F,0x6,0x5B,0x4F,0x66,0x6D,0x7D,0x7,0x7F,0x6F};
  18   1              k=0;
  19   1              sw = 1;
  20   1              while(1)
  21   1              {
  22   2                      if(sw==0)
  23   2                      {
  24   3                              P2=dig[k];
  25   3                              delay(50);
  26   3                              k++;
  27   3                              if(k==10)
  28   3                              {
  29   4                                      k=0;
  30   4                              }
  31   3                      
  32   3                      }
  33   2              }
  34   1      }


MODULE INFORMATION:   STATIC OVERLAYABLE
   CODE SIZE        =     96    ----
   CONSTANT SIZE    =     10    ----
   XDATA SIZE       =   ----    ----
   PDATA SIZE       =   ----    ----
   DATA SIZE        =   ----      10
   IDATA SIZE       =   ----    ----
   BIT SIZE         =   ----    ----
END OF MODULE INFORMATION.


C51 COMPILATION COMPLETE.  0 WARNING(S),  0 ERROR(S)
