C51 COMPILER V9.01   F                                                                     10/17/2021 11:54:26 PAGE 1   


C51 COMPILER V9.01, COMPILATION OF MODULE F
OBJECT MODULE PLACED IN f.OBJ
COMPILER INVOKED BY: C:\keli\C51\BIN\C51.EXE f.c BROWSE DEBUG OBJECTEXTEND

line level    source

   1          #include<reg52.h>           
   2          void delay (int ms)
   3          {
   4   1      int i; 
   5   1      for(i=0;i<ms;i++);
   6   1      }
   7          void main()
   8          {
   9   1              while (1)
  10   1              {
  11   2                      P2=0x01;
  12   2                      delay(1200);
  13   2                      P2=0x02;
  14   2                      delay(1200);
  15   2              }                          
  16   1      }


MODULE INFORMATION:   STATIC OVERLAYABLE
   CODE SIZE        =     42    ----
   CONSTANT SIZE    =   ----    ----
   XDATA SIZE       =   ----    ----
   PDATA SIZE       =   ----    ----
   DATA SIZE        =   ----    ----
   IDATA SIZE       =   ----    ----
   BIT SIZE         =   ----    ----
END OF MODULE INFORMATION.


C51 COMPILATION COMPLETE.  0 WARNING(S),  0 ERROR(S)
